<?xml version="1.0" encoding="UTF-8"?>
<!-- Generated by org.testng.reporters.JUnitReportReporter -->
<testsuite hostname="LAPTOP-FCKU4NQ6" failures="0" tests="5" name="parallel.ParallelRun" time="67.894" errors="0" timestamp="2022-06-29T07:53:40 IST" skipped="0">
  <testcase classname="parallel.ParallelRun" name="runScenario" time="15.918"/>
  <system-out/>
  <testcase classname="parallel.ParallelRun" name="runScenario" time="14.296"/>
  <system-out/>
  <testcase classname="parallel.ParallelRun" name="runScenario" time="13.338"/>
  <system-out/>
  <testcase classname="parallel.ParallelRun" name="runScenario" time="12.293"/>
  <system-out/>
  <testcase classname="parallel.ParallelRun" name="runScenario" time="12.049"/>
  <system-out/>
</testsuite> <!-- parallel.ParallelRun -->
